<?xml version="1.0" encoding="UTF-8"?>
<!-- Generated by org.testng.reporters.JUnitReportReporter -->
<testsuite hostname="DESKTOP-OA55KAB" failures="0" tests="4" name="testcases.rediff.StockManagement" time="0.041" errors="0" timestamp="2024-02-16T14:51:59 IST" skipped="0">
  <testcase classname="testcases.rediff.StockManagement" name="verifyTransactionHistory" time="0.010"/>
  <testcase classname="testcases.rediff.StockManagement" name="addFreshStock" time="0.008"/>
  <testcase classname="testcases.rediff.StockManagement" name="verifyStockInList" time="0.005"/>
  <testcase classname="testcases.rediff.StockManagement" name="modifyStock" time="0.018"/>
</testsuite> <!-- testcases.rediff.StockManagement -->
