<?xml version="1.0" encoding="UTF-8"?>
<!-- Generated by org.testng.reporters.JUnitReportReporter -->
<testsuite hostname="DESKTOP-OA55KAB" failures="0" tests="2" name="testcases.rediff.PortfolioManagement" time="0.013" errors="0" timestamp="2024-02-17T15:26:12 IST" skipped="0">
  <testcase classname="testcases.rediff.PortfolioManagement" name="createPortfolio" time="0.005"/>
  <testcase classname="testcases.rediff.PortfolioManagement" name="deletePortfolio" time="0.008"/>
</testsuite> <!-- testcases.rediff.PortfolioManagement -->
