<?xml version="1.0" encoding="UTF-8"?>
<!-- Generated by org.testng.reporters.JUnitReportReporter -->
<testsuite hostname="DESKTOP-OA55KAB" failures="0" tests="1" name="testcases.LoginTest" time="11.644" errors="0" timestamp="2024-01-15T17:45:39 IST" skipped="0">
  <testcase classname="testcases.LoginTest" name="validLoginTest" time="11.644"/>
</testsuite> <!-- testcases.LoginTest -->
