<?xml version="1.0" encoding="UTF-8"?>
<!-- Generated by org.testng.reporters.JUnitReportReporter -->
<testsuite hostname="DESKTOP-OA55KAB" failures="0" tests="2" name="testcases.rediff.Session" time="0.548" errors="0" timestamp="2024-02-17T15:26:12 IST" skipped="0">
  <testcase classname="testcases.rediff.Session" name="doLogin" time="0.543"/>
  <testcase classname="testcases.rediff.Session" name="doLogout" time="0.005"/>
</testsuite> <!-- testcases.rediff.Session -->
